#
# There is insufficient memory for the Java Runtime Environment to continue.
# Native memory allocation (malloc) failed to allocate 94176 bytes for Chunk::new
# Possible reasons:
#   The system is out of physical RAM or swap space
#   In 32 bit mode, the process size limit was hit
# Possible solutions:
#   Reduce memory load on the system
#   Increase physical memory or swap space
#   Check if swap backing store is full
#   Use 64 bit Java on a 64 bit OS
#   Decrease Java heap size (-Xmx/-Xms)
#   Decrease number of Java threads
#   Decrease Java thread stack sizes (-Xss)
#   Set larger code cache with -XX:ReservedCodeCacheSize=
# This output file may be truncated or incomplete.
#
#  Out of Memory Error (allocation.cpp:390), pid=58876, tid=58644
#
# JRE version: Java(TM) SE Runtime Environment (8.0_91-b14) (build 1.8.0_91-b14)
# Java VM: Java HotSpot(TM) 64-Bit Server VM (25.91-b14 mixed mode windows-amd64 compressed oops)
# Failed to write core dump. Minidumps are not enabled by default on client versions of Windows
#

---------------  T H R E A D  ---------------

Current thread (0x0000000015150800):  JavaThread "C2 CompilerThread1" daemon [_thread_in_native, id=58644, stack(0x0000000016890000,0x0000000016990000)]

Stack: [0x0000000016890000,0x0000000016990000]
[error occurred during error reporting (printing stack bounds), id 0xc0000005]

Native frames: (J=compiled Java code, j=interpreted, Vv=VM code, C=native code)


Current CompileTask:
C2:   7698  690       4       java.util.HashMap::containsKey (18 bytes)


---------------  P R O C E S S  ---------------

Java Threads: ( => current thread )
  0x0000000016e25000 JavaThread "pool-2-thread-4" [_thread_in_Java, id=59844, stack(0x0000000017c90000,0x0000000017d90000)]
  0x0000000016e24000 JavaThread "pool-2-thread-3" [_thread_in_Java, id=60352, stack(0x0000000017b90000,0x0000000017c90000)]
  0x0000000016d9d800 JavaThread "pool-2-thread-2" [_thread_in_Java, id=59860, stack(0x0000000017a90000,0x0000000017b90000)]
  0x0000000016ceb800 JavaThread "pool-3-thread-1" [_thread_blocked, id=58616, stack(0x0000000017990000,0x0000000017a90000)]
  0x0000000016ced800 JavaThread "pool-2-thread-1" [_thread_in_Java, id=58788, stack(0x0000000017890000,0x0000000017990000)]
  0x0000000016ab0800 JavaThread "Service Thread" daemon [_thread_blocked, id=89252, stack(0x0000000016e90000,0x0000000016f90000)]
  0x0000000015157000 JavaThread "C1 CompilerThread2" daemon [_thread_blocked, id=106036, stack(0x0000000016990000,0x0000000016a90000)]
=>0x0000000015150800 JavaThread "C2 CompilerThread1" daemon [_thread_in_native, id=58644, stack(0x0000000016890000,0x0000000016990000)]
  0x000000001514d800 JavaThread "C2 CompilerThread0" daemon [_thread_in_native, id=58676, stack(0x0000000016790000,0x0000000016890000)]
  0x000000001514b000 JavaThread "Attach Listener" daemon [_thread_blocked, id=59132, stack(0x0000000016690000,0x0000000016790000)]
  0x000000001514a000 JavaThread "Signal Dispatcher" daemon [_thread_blocked, id=59044, stack(0x0000000016590000,0x0000000016690000)]
  0x000000001513a800 JavaThread "Finalizer" daemon [_thread_blocked, id=58972, stack(0x00000000163b0000,0x00000000164b0000)]
  0x0000000002a70000 JavaThread "Reference Handler" daemon [_thread_blocked, id=59160, stack(0x00000000162b0000,0x00000000163b0000)]
  0x0000000002981000 JavaThread "main" [_thread_in_Java, id=58436, stack(0x00000000027c0000,0x00000000028c0000)]

Other Threads:
  0x0000000015118000 VMThread [stack: 0x00000000161b0000,0x00000000162b0000] [id=58360]
  0x00000000151ae800 WatcherThread [stack: 0x0000000016f90000,0x0000000017090000] [id=59036]

VM state:not at safepoint (normal execution)

VM Mutex/Monitor currently owned by a thread: None

Heap:
 PSYoungGen      total 18432K, used 17825K [0x00000000eab00000, 0x00000000ebf80000, 0x0000000100000000)
  eden space 15872K, 99% used [0x00000000eab00000,0x00000000eba7c168,0x00000000eba80000)
  from space 2560K, 76% used [0x00000000eba80000,0x00000000ebc6c428,0x00000000ebd00000)
  to   space 2560K, 0% used [0x00000000ebd00000,0x00000000ebd00000,0x00000000ebf80000)
 ParOldGen       total 42496K, used 8K [0x00000000c0000000, 0x00000000c2980000, 0x00000000eab00000)
  object space 42496K, 0% used [0x00000000c0000000,0x00000000c0002000,0x00000000c2980000)
 Metaspace       used 5778K, capacity 6706K, committed 6784K, reserved 1056768K
  class space    used 598K, capacity 618K, committed 640K, reserved 1048576K

Card table byte_map: [0x0000000011e40000,0x0000000012050000] byte_map_base: 0x0000000011840000

Marking Bits: (ParMarkBitMap*) 0x00000000580f2f70
 Begin Bits: [0x00000000125b0000, 0x00000000135b0000)
 End Bits:   [0x00000000135b0000, 0x00000000145b0000)

Polling page: 0x0000000002740000

CodeCache: size=245760Kb used=2616Kb max_used=2616Kb free=243143Kb
 bounds [0x0000000002a80000, 0x0000000002d10000, 0x0000000011a80000]
 total_blobs=948 nmethods=679 adapters=182
 compilation: disabled (not enough contiguous free space left)

Compilation events (10 events):
Event: 7.260 Thread 0x0000000015157000 nmethod 687 0x0000000002d0add0 code [0x0000000002d0afe0, 0x0000000002d0bbb8]
Event: 7.261 Thread 0x0000000015157000  689       3       java.util.HashSet::<init> (16 bytes)
Event: 7.261 Thread 0x0000000015157000 nmethod 689 0x0000000002d0a650 code [0x0000000002d0a7e0, 0x0000000002d0abf0]
Event: 7.261 Thread 0x0000000015157000  693       3       com.android.dx.ssa.SsaRenamer$BlockRenamer::addMapping (143 bytes)
Event: 7.262 Thread 0x0000000015157000 nmethod 693 0x0000000002d0d4d0 code [0x0000000002d0d6e0, 0x0000000002d0e5a8]
Event: 7.262 Thread 0x0000000015157000  694       3       com.android.dx.rop.code.ThrowingCstInsn::<init> (51 bytes)
Event: 7.263 Thread 0x0000000015157000 nmethod 694 0x0000000002d09bd0 code [0x0000000002d09da0, 0x0000000002d0a398]
Event: 7.263 Thread 0x0000000015157000  695       3       com.android.dx.ssa.RegisterMapper::<init> (5 bytes)
Event: 7.263 Thread 0x0000000015157000 nmethod 695 0x0000000002d09810 code [0x0000000002d09960, 0x0000000002d09b10]
Event: 7.263 Thread 0x0000000015157000  653       3       com.android.dx.cf.code.ExecutionStack::peek (42 bytes)

GC Heap History (2 events):
Event: 6.251 GC heap before
{Heap before GC invocations=1 (full 0):
 PSYoungGen      total 18432K, used 15872K [0x00000000eab00000, 0x00000000ebf80000, 0x0000000100000000)
  eden space 15872K, 100% used [0x00000000eab00000,0x00000000eba80000,0x00000000eba80000)
  from space 2560K, 0% used [0x00000000ebd00000,0x00000000ebd00000,0x00000000ebf80000)
  to   space 2560K, 0% used [0x00000000eba80000,0x00000000eba80000,0x00000000ebd00000)
 ParOldGen       total 42496K, used 0K [0x00000000c0000000, 0x00000000c2980000, 0x00000000eab00000)
  object space 42496K, 0% used [0x00000000c0000000,0x00000000c0000000,0x00000000c2980000)
 Metaspace       used 4438K, capacity 5520K, committed 5760K, reserved 1056768K
  class space    used 495K, capacity 520K, committed 640K, reserved 1048576K
Event: 6.256 GC heap after
Heap after GC invocations=1 (full 0):
 PSYoungGen      total 18432K, used 1969K [0x00000000eab00000, 0x00000000ebf80000, 0x0000000100000000)
  eden space 15872K, 0% used [0x00000000eab00000,0x00000000eab00000,0x00000000eba80000)
  from space 2560K, 76% used [0x00000000eba80000,0x00000000ebc6c428,0x00000000ebd00000)
  to   space 2560K, 0% used [0x00000000ebd00000,0x00000000ebd00000,0x00000000ebf80000)
 ParOldGen       total 42496K, used 8K [0x00000000c0000000, 0x00000000c2980000, 0x00000000eab00000)
  object space 42496K, 0% used [0x00000000c0000000,0x00000000c0002000,0x00000000c2980000)
 Metaspace       used 4438K, capacity 5520K, committed 5760K, reserved 1056768K
  class space    used 495K, capacity 520K, committed 640K, reserved 1048576K
}

Deoptimization events (1 events):
Event: 7.046 Thread 0x0000000016e24000 Uncommon trap: reason=unstable_if action=reinterpret pc=0x0000000002c8555c method=java.util.HashMap.getNode(ILjava/lang/Object;)Ljava/util/HashMap$Node; @ 129

Internal exceptions (2 events):
Event: 1.036 Thread 0x0000000002981000 Exception <a 'java/lang/NoSuchMethodError': Method sun.misc.Unsafe.defineClass(Ljava/lang/String;[BII)Ljava/lang/Class; name or signature does not match> (0x00000000eab07cc0) thrown at [C:\re\workspace\8-2-build-windows-amd64-cygwin\jdk8u91\6644\hotspot\sr:ґЦ	Ц‘р?
Event: 1.036 Thread 0x0000000002981000 Exception <a 'java/lang/NoSuchMethodError': Method sun.misc.Unsafe.prefetchRead(Ljava/lang/Object;J)V name or signature does not match> (0x00000000eab07fa8) thrown at [C:\re\workspace\8-2-build-windows-amd64-cygwin\jdk8u91\6644\hotspot\src\share\vm\prims\j

Events (10 events):
Event: 7.049 loading class com/android/dx/cf/code/Ropper$ExceptionHandlerSetup
Event: 7.049 loading class com/android/dx/cf/code/Ropper$ExceptionHandlerSetup done
Event: 7.250 loading class java/util/HashMap$Values
Event: 7.250 loading class java/util/HashMap$Values done
Event: 7.250 loading class java/util/HashMap$ValueIterator
Event: 7.250 loading class java/util/HashMap$ValueIterator done
Event: 7.253 loading class java/util/DualPivotQuicksort
Event: 7.253 loading class java/util/DualPivotQuicksort done
Event: 7.258 loading class java/util/ArrayList$1
Event: 7.258 loading class java/util/ArrayList$1 done


Dynamic libraries:
0x00007ff6878d0000 - 0x00007ff687907000 	C:\Program Files\Java\jdk1.8.0_91\bin\java.exe
0x00007ff9ba910000 - 0x00007ff9baad1000 	C:\WINDOWS\SYSTEM32\ntdll.dll
0x00007ff9b82e0000 - 0x00007ff9b838d000 	C:\WINDOWS\system32\KERNEL32.DLL
0x00007ff9b7b20000 - 0x00007ff9b7d08000 	C:\WINDOWS\system32\KERNELBASE.dll
0x00007ff9ba200000 - 0x00007ff9ba2a7000 	C:\WINDOWS\system32\ADVAPI32.dll
0x00007ff9b7d10000 - 0x00007ff9b7dad000 	C:\WINDOWS\system32\msvcrt.dll
0x00007ff9b7ec0000 - 0x00007ff9b7f1b000 	C:\WINDOWS\system32\sechost.dll
0x00007ff9b7f20000 - 0x00007ff9b803c000 	C:\WINDOWS\system32\RPCRT4.dll
0x00007ff9b8180000 - 0x00007ff9b82d6000 	C:\WINDOWS\system32\USER32.dll
0x00007ff9b8700000 - 0x00007ff9b8886000 	C:\WINDOWS\system32\GDI32.dll
0x00007ff9a7890000 - 0x00007ff9a7b04000 	C:\WINDOWS\WinSxS\amd64_microsoft.windows.common-controls_6595b64144ccf1df_6.0.10586.494_none_a2d8b04ea53e3145\COMCTL32.dll
0x00007ff9b9ec0000 - 0x00007ff9ba13d000 	C:\WINDOWS\system32\combase.dll
0x00007ff9b7070000 - 0x00007ff9b70da000 	C:\WINDOWS\system32\bcryptPrimitives.dll
0x00007ff9b8130000 - 0x00007ff9b816b000 	C:\WINDOWS\system32\IMM32.DLL
0x0000000057380000 - 0x0000000057452000 	C:\Program Files\Java\jdk1.8.0_91\jre\bin\msvcr100.dll
0x00000000578e0000 - 0x0000000058173000 	C:\Program Files\Java\jdk1.8.0_91\jre\bin\server\jvm.dll
0x00007ff9af290000 - 0x00007ff9af299000 	C:\WINDOWS\SYSTEM32\WSOCK32.dll
0x00007ff9ba8a0000 - 0x00007ff9ba90b000 	C:\WINDOWS\system32\WS2_32.dll
0x00007ff9b5660000 - 0x00007ff9b5683000 	C:\WINDOWS\SYSTEM32\WINMM.dll
0x0000000000bd0000 - 0x0000000000bfc000 	C:\WINDOWS\SYSTEM32\WINMMBASE.dll
0x00007ff9b79c0000 - 0x00007ff9b7a03000 	C:\WINDOWS\system32\cfgmgr32.dll
0x00007ff9b0420000 - 0x00007ff9b042a000 	C:\WINDOWS\SYSTEM32\VERSION.dll
0x00007ff9ba2b0000 - 0x00007ff9ba2b8000 	C:\WINDOWS\system32\PSAPI.DLL
0x00000000577f0000 - 0x00000000577ff000 	C:\Program Files\Java\jdk1.8.0_91\jre\bin\verify.dll
0x00000000577c0000 - 0x00000000577e9000 	C:\Program Files\Java\jdk1.8.0_91\jre\bin\java.dll
0x00000000577a0000 - 0x00000000577b6000 	C:\Program Files\Java\jdk1.8.0_91\jre\bin\zip.dll
0x00007ff9b8890000 - 0x00007ff9b9dec000 	C:\WINDOWS\system32\SHELL32.dll
0x00007ff9b72b0000 - 0x00007ff9b78f5000 	C:\WINDOWS\system32\windows.storage.dll
0x00007ff9b8390000 - 0x00007ff9b83e2000 	C:\WINDOWS\system32\shlwapi.dll
0x00007ff9b6f40000 - 0x00007ff9b6f4f000 	C:\WINDOWS\system32\kernel.appcore.dll
0x00007ff9b7900000 - 0x00007ff9b79b5000 	C:\WINDOWS\system32\shcore.dll
0x00007ff9b6f50000 - 0x00007ff9b6f9b000 	C:\WINDOWS\system32\powrprof.dll
0x00007ff9b6fa0000 - 0x00007ff9b6fb4000 	C:\WINDOWS\system32\profapi.dll

VM Arguments:
jvm_args: -Djava.awt.headless=true -Xmx1024M -Dfile.encoding=windows-1252 -Duser.country=US -Duser.language=en -Duser.variant 
java_command: com.android.dx.command.Main --dex --force-jumbo --num-threads=4 --multi-dex --output E:\Freelance\TidyKart\app\build\intermediates\transforms\dex\debug\folders\1000\10\com.google.android.gms-play-services-ads-7.0.0_d9b13923a2b8afc1531456117aa9173146dbbb5e E:\Freelance\TidyKart\app\build\intermediates\exploded-aar\com.google.android.gms\play-services-ads\7.0.0\jars\classes.jar
java_class_path (initial): D:\ADT-Bunde\sdk\build-tools\24.0.2\lib\dx.jar
Launcher Type: SUN_STANDARD

Environment Variables:
JAVA_HOME=C:\Program Files\Java\jdk1.8.0_91
PATH=C:\ProgramData\Oracle\Java\javapath;C:\WINDOWS\system32;C:\WINDOWS;C:\WINDOWS\System32\Wbem;C:\WINDOWS\System32\WindowsPowerShell\v1.0\;C:\Program Files\nodejs\;C:\Program Files (x86)\Heroku\bin;C:\Program Files (x86)\git\cmd;C:\Program Files\CloudFoundry;C:\Program Files\Git\cmd;C:\Program Files (x86)\Skype\Phone\;C:\Users\mthu1\AppData\Roaming\npm\;C:\Program Files\Java\jdk1.8.0_91\bin;F:\ADT-Bunde\sdk\tools;F:\ADT-Bunde\sdk\platform-tools;D:\xampp\php;C:\Program Files\TortoiseHg\
USERNAME=mthu1
OS=Windows_NT
PROCESSOR_IDENTIFIER=Intel64 Family 6 Model 37 Stepping 5, GenuineIntel



---------------  S Y S T E M  ---------------

OS: Windows 10.0 , 64 bit Build 10586 (10.0.10586.0)

CPU:total 4 (2 cores per cpu, 2 threads per core) family 6 model 37 stepping 5, cmov, cx8, fxsr, mmx, sse, sse2, sse3, ssse3, sse4.1, sse4.2, popcnt, ht, tsc, tscinvbit

Memory: 4k page, physical 3987308k(187868k free), swap 8181612k(276k free)

vm_info: Java HotSpot(TM) 64-Bit Server VM (25.91-b14) for windows-amd64 JRE (1.8.0_91-b14), built on Apr  1 2016 00:58:32 by "java_re" with MS VC++ 10.0 (VS2010)

time: Sat Sep 10 21:34:14 2016
elapsed time: 7 seconds (0d 0h 0m 7s)

