#
# There is insufficient memory for the Java Runtime Environment to continue.
# Native memory allocation (malloc) failed to allocate 758016 bytes for Chunk::new
# Possible reasons:
#   The system is out of physical RAM or swap space
#   In 32 bit mode, the process size limit was hit
# Possible solutions:
#   Reduce memory load on the system
#   Increase physical memory or swap space
#   Check if swap backing store is full
#   Use 64 bit Java on a 64 bit OS
#   Decrease Java heap size (-Xmx/-Xms)
#   Decrease number of Java threads
#   Decrease Java thread stack sizes (-Xss)
#   Set larger code cache with -XX:ReservedCodeCacheSize=
# This output file may be truncated or incomplete.
#
#  Out of Memory Error (allocation.cpp:390), pid=59764, tid=59780
#
# JRE version: Java(TM) SE Runtime Environment (8.0_91-b14) (build 1.8.0_91-b14)
# Java VM: Java HotSpot(TM) 64-Bit Server VM (25.91-b14 mixed mode windows-amd64 compressed oops)
# Failed to write core dump. Minidumps are not enabled by default on client versions of Windows
#

---------------  T H R E A D  ---------------

Current thread (0x0000000014b6d800):  JavaThread "C2 CompilerThread0" daemon [_thread_in_native, id=59780, stack(0x00000000161c0000,0x00000000162c0000)]

Stack: [0x00000000161c0000,0x00000000162c0000]
[error occurred during error reporting (printing stack bounds), id 0xc0000005]

Native frames: (J=compiled Java code, j=interpreted, Vv=VM code, C=native code)


Current CompileTask:
C2:   4024 1252       4       com.android.dx.ssa.SCCP::simulatePhi (169 bytes)


---------------  P R O C E S S  ---------------

Java Threads: ( => current thread )
  0x00000000167b4800 JavaThread "pool-2-thread-4" [_thread_in_Java, id=59600, stack(0x0000000016ec0000,0x0000000016fc0000)]
  0x00000000167b0800 JavaThread "pool-2-thread-3" [_thread_in_Java, id=59500, stack(0x0000000016dc0000,0x0000000016ec0000)]
  0x00000000167ac000 JavaThread "pool-2-thread-2" [_thread_in_Java, id=59732, stack(0x0000000016cc0000,0x0000000016dc0000)]
  0x000000001675e000 JavaThread "pool-3-thread-1" [_thread_blocked, id=59864, stack(0x0000000016bc0000,0x0000000016cc0000)]
  0x000000001675d800 JavaThread "pool-2-thread-1" [_thread_in_Java, id=58960, stack(0x0000000016ac0000,0x0000000016bc0000)]
  0x00000000164f0800 JavaThread "Service Thread" daemon [_thread_blocked, id=60000, stack(0x00000000168c0000,0x00000000169c0000)]
  0x0000000014b75800 JavaThread "C1 CompilerThread2" daemon [_thread_in_vm, id=59648, stack(0x00000000163c0000,0x00000000164c0000)]
  0x0000000014b70800 JavaThread "C2 CompilerThread1" daemon [_thread_in_native, id=60152, stack(0x00000000162c0000,0x00000000163c0000)]
=>0x0000000014b6d800 JavaThread "C2 CompilerThread0" daemon [_thread_in_native, id=59780, stack(0x00000000161c0000,0x00000000162c0000)]
  0x0000000014b6c000 JavaThread "Attach Listener" daemon [_thread_blocked, id=58624, stack(0x00000000160c0000,0x00000000161c0000)]
  0x0000000014b6b000 JavaThread "Signal Dispatcher" daemon [_thread_blocked, id=36356, stack(0x0000000015fc0000,0x00000000160c0000)]
  0x0000000014b5a800 JavaThread "Finalizer" daemon [_thread_blocked, id=28076, stack(0x0000000015de0000,0x0000000015ee0000)]
  0x000000000240f000 JavaThread "Reference Handler" daemon [_thread_blocked, id=56440, stack(0x0000000015ce0000,0x0000000015de0000)]
  0x0000000002321000 JavaThread "main" [_thread_blocked, id=59432, stack(0x00000000021e0000,0x00000000022e0000)]

Other Threads:
  0x0000000014b37800 VMThread [stack: 0x0000000015be0000,0x0000000015ce0000] [id=56988]
  0x0000000016501000 WatcherThread [stack: 0x00000000169c0000,0x0000000016ac0000] [id=60296]

VM state:not at safepoint (normal execution)

VM Mutex/Monitor currently owned by a thread: None

Heap:
 PSYoungGen      total 18432K, used 17149K [0x00000000eab00000, 0x00000000ebf80000, 0x0000000100000000)
  eden space 15872K, 92% used [0x00000000eab00000,0x00000000eb945b20,0x00000000eba80000)
  from space 2560K, 99% used [0x00000000ebd00000,0x00000000ebf79c88,0x00000000ebf80000)
  to   space 2560K, 0% used [0x00000000eba80000,0x00000000eba80000,0x00000000ebd00000)
 ParOldGen       total 42496K, used 1541K [0x00000000c0000000, 0x00000000c2980000, 0x00000000eab00000)
  object space 42496K, 3% used [0x00000000c0000000,0x00000000c01814f0,0x00000000c2980000)
 Metaspace       used 6016K, capacity 6896K, committed 7040K, reserved 1056768K
  class space    used 595K, capacity 616K, committed 640K, reserved 1048576K

Card table byte_map: [0x0000000011860000,0x0000000011a70000] byte_map_base: 0x0000000011260000

Marking Bits: (ParMarkBitMap*) 0x00000000580f2f70
 Begin Bits: [0x0000000011fd0000, 0x0000000012fd0000)
 End Bits:   [0x0000000012fd0000, 0x0000000013fd0000)

Polling page: 0x0000000000a90000

CodeCache: size=245760Kb used=5058Kb max_used=5058Kb free=240702Kb
 bounds [0x00000000024a0000, 0x00000000029a0000, 0x00000000114a0000]
 total_blobs=1531 nmethods=1263 adapters=182
 compilation: enabled

Compilation events (10 events):
Event: 4.014 Thread 0x0000000014b75800 nmethod 1281 0x0000000002987810 code [0x0000000002987c00, 0x000000000298a0b8]
Event: 4.014 Thread 0x0000000014b75800 1287       3       com.android.dx.dex.code.RopTranslator::pickOrder (400 bytes)
Event: 4.017 Thread 0x0000000014b75800 nmethod 1287 0x000000000298b8d0 code [0x000000000298bc00, 0x000000000298dd38]
Event: 4.017 Thread 0x0000000014b75800 1288       3       com.android.dx.ssa.SCCP::replaceConstants (209 bytes)
Event: 4.020 Thread 0x0000000014b75800 nmethod 1288 0x000000000298f010 code [0x000000000298f320, 0x0000000002990e78]
Event: 4.020 Thread 0x0000000014b75800 1284       3       java.util.HashMap::<init> (8 bytes)
Event: 4.020 Thread 0x0000000014b75800 nmethod 1284 0x0000000002991d90 code [0x0000000002991f20, 0x00000000029920a8]
Event: 4.020 Thread 0x0000000014b75800 1290       3       java.util.HashMap::tableSizeFor (59 bytes)
Event: 4.020 Thread 0x0000000014b75800 nmethod 1290 0x0000000002992150 code [0x00000000029922c0, 0x00000000029924d0]
Event: 4.020 Thread 0x0000000014b75800 1293       3       com.android.dx.cf.code.BytecodeArray::processWorkSet (50 bytes)

GC Heap History (4 events):
Event: 2.367 GC heap before
{Heap before GC invocations=1 (full 0):
 PSYoungGen      total 18432K, used 15872K [0x00000000eab00000, 0x00000000ebf80000, 0x0000000100000000)
  eden space 15872K, 100% used [0x00000000eab00000,0x00000000eba80000,0x00000000eba80000)
  from space 2560K, 0% used [0x00000000ebd00000,0x00000000ebd00000,0x00000000ebf80000)
  to   space 2560K, 0% used [0x00000000eba80000,0x00000000eba80000,0x00000000ebd00000)
 ParOldGen       total 42496K, used 0K [0x00000000c0000000, 0x00000000c2980000, 0x00000000eab00000)
  object space 42496K, 0% used [0x00000000c0000000,0x00000000c0000000,0x00000000c2980000)
 Metaspace       used 3923K, capacity 5008K, committed 5120K, reserved 1056768K
  class space    used 438K, capacity 456K, committed 512K, reserved 1048576K
Event: 2.370 GC heap after
Heap after GC invocations=1 (full 0):
 PSYoungGen      total 18432K, used 1412K [0x00000000eab00000, 0x00000000ebf80000, 0x0000000100000000)
  eden space 15872K, 0% used [0x00000000eab00000,0x00000000eab00000,0x00000000eba80000)
  from space 2560K, 55% used [0x00000000eba80000,0x00000000ebbe1240,0x00000000ebd00000)
  to   space 2560K, 0% used [0x00000000ebd00000,0x00000000ebd00000,0x00000000ebf80000)
 ParOldGen       total 42496K, used 8K [0x00000000c0000000, 0x00000000c2980000, 0x00000000eab00000)
  object space 42496K, 0% used [0x00000000c0000000,0x00000000c0002000,0x00000000c2980000)
 Metaspace       used 3923K, capacity 5008K, committed 5120K, reserved 1056768K
  class space    used 438K, capacity 456K, committed 512K, reserved 1048576K
}
Event: 3.410 GC heap before
{Heap before GC invocations=2 (full 0):
 PSYoungGen      total 18432K, used 17284K [0x00000000eab00000, 0x00000000ebf80000, 0x0000000100000000)
  eden space 15872K, 100% used [0x00000000eab00000,0x00000000eba80000,0x00000000eba80000)
  from space 2560K, 55% used [0x00000000eba80000,0x00000000ebbe1240,0x00000000ebd00000)
  to   space 2560K, 0% used [0x00000000ebd00000,0x00000000ebd00000,0x00000000ebf80000)
 ParOldGen       total 42496K, used 8K [0x00000000c0000000, 0x00000000c2980000, 0x00000000eab00000)
  object space 42496K, 0% used [0x00000000c0000000,0x00000000c0002000,0x00000000c2980000)
 Metaspace       used 5855K, capacity 6768K, committed 7040K, reserved 1056768K
  class space    used 595K, capacity 616K, committed 640K, reserved 1048576K
Event: 3.438 GC heap after
Heap after GC invocations=2 (full 0):
 PSYoungGen      total 18432K, used 2535K [0x00000000eab00000, 0x00000000ebf80000, 0x0000000100000000)
  eden space 15872K, 0% used [0x00000000eab00000,0x00000000eab00000,0x00000000eba80000)
  from space 2560K, 99% used [0x00000000ebd00000,0x00000000ebf79c88,0x00000000ebf80000)
  to   space 2560K, 0% used [0x00000000eba80000,0x00000000eba80000,0x00000000ebd00000)
 ParOldGen       total 42496K, used 1541K [0x00000000c0000000, 0x00000000c2980000, 0x00000000eab00000)
  object space 42496K, 3% used [0x00000000c0000000,0x00000000c01814f0,0x00000000c2980000)
 Metaspace       used 5855K, capacity 6768K, committed 7040K, reserved 1056768K
  class space    used 595K, capacity 616K, committed 640K, reserved 1048576K
}

Deoptimization events (10 events):
Event: 2.912 Thread 0x00000000167b4800 Uncommon trap: reason=unstable_if action=reinterpret pc=0x00000000026f2c6c method=com.android.dx.rop.code.RegisterSpec.equals(ILcom/android/dx/rop/type/TypeBearer;Lcom/android/dx/rop/code/LocalItem;)Z @ 16
Event: 3.043 Thread 0x000000001675d800 Uncommon trap: reason=unstable_if action=reinterpret pc=0x0000000002705e34 method=java.util.BitSet.ensureCapacity(I)V @ 6
Event: 3.285 Thread 0x0000000002321000 Uncommon trap: reason=bimorphic action=maybe_recompile pc=0x000000000273a27c method=java.util.HashMap.getNode(ILjava/lang/Object;)Ljava/util/HashMap$Node; @ 126
Event: 3.285 Thread 0x0000000002321000 Uncommon trap: reason=bimorphic action=maybe_recompile pc=0x000000000273a27c method=java.util.HashMap.getNode(ILjava/lang/Object;)Ljava/util/HashMap$Node; @ 126
Event: 3.546 Thread 0x00000000167b4800 Uncommon trap: reason=unstable_if action=reinterpret pc=0x0000000002811534 method=com.android.dx.rop.code.RegisterSpecSet.put(Lcom/android/dx/rop/code/RegisterSpec;)V @ 77
Event: 3.555 Thread 0x000000001675d800 Uncommon trap: reason=bimorphic action=maybe_recompile pc=0x000000000273a27c method=java.util.HashMap.getNode(ILjava/lang/Object;)Ljava/util/HashMap$Node; @ 126
Event: 3.698 Thread 0x000000001675d800 Uncommon trap: reason=unstable_if action=reinterpret pc=0x00000000026c051c method=com.android.dx.rop.cst.Constant.compareTo(Lcom/android/dx/rop/cst/Constant;)I @ 12
Event: 3.747 Thread 0x00000000167ac000 Uncommon trap: reason=bimorphic action=maybe_recompile pc=0x000000000273a27c method=java.util.HashMap.getNode(ILjava/lang/Object;)Ljava/util/HashMap$Node; @ 126
Event: 3.980 Thread 0x000000001675d800 Uncommon trap: reason=null_check action=make_not_entrant pc=0x0000000002706260 method=com.android.dx.rop.type.Type.equals(Ljava/lang/Object;)Z @ 8
Event: 3.980 Thread 0x000000001675d800 Uncommon trap: reason=unstable_if action=reinterpret pc=0x0000000002916a94 method=com.android.dx.cf.code.Merger.mergeType(Lcom/android/dx/rop/type/TypeBearer;Lcom/android/dx/rop/type/TypeBearer;)Lcom/android/dx/rop/type/TypeBearer; @ 15

Internal exceptions (3 events):
Event: 0.038 Thread 0x0000000002321000 Exception <a 'java/lang/NoSuchMethodError': Method sun.misc.Unsafe.defineClass(Ljava/lang/String;[BII)Ljava/lang/Class; name or signature does not match> (0x00000000eab07cc0) thrown at [C:\re\workspace\8-2-build-windows-amd64-cygwin\jdk8u91\6644\hotspot\srF)\e´£?
Event: 0.038 Thread 0x0000000002321000 Exception <a 'java/lang/NoSuchMethodError': Method sun.misc.Unsafe.prefetchRead(Ljava/lang/Object;J)V name or signature does not match> (0x00000000eab07fa8) thrown at [C:\re\workspace\8-2-build-windows-amd64-cygwin\jdk8u91\6644\hotspot\src\share\vm\prims\j[¬^ÈH×@
Event: 3.980 Thread 0x000000001675d800 Implicit null exception at 0x0000000002706162 to 0x0000000002706252

Events (10 events):
Event: 3.698 Thread 0x000000001675d800 DEOPT UNPACKING pc=0x00000000024e582a sp=0x0000000016bbe980 mode 2
Event: 3.747 Thread 0x00000000167ac000 Uncommon trap: trap_request=0xffffffc6 fr.pc=0x000000000273a27c
Event: 3.747 Thread 0x00000000167ac000 DEOPT PACKING pc=0x000000000273a27c sp=0x0000000016dbeaa0
Event: 3.747 Thread 0x00000000167ac000 DEOPT UNPACKING pc=0x00000000024e582a sp=0x0000000016dbe9c8 mode 2
Event: 3.980 Thread 0x000000001675d800 Uncommon trap: trap_request=0xfffffff4 fr.pc=0x0000000002706260
Event: 3.980 Thread 0x000000001675d800 DEOPT PACKING pc=0x0000000002706260 sp=0x0000000016bbe910
Event: 3.980 Thread 0x000000001675d800 DEOPT UNPACKING pc=0x00000000024e582a sp=0x0000000016bbe898 mode 2
Event: 3.980 Thread 0x000000001675d800 Uncommon trap: trap_request=0xffffff65 fr.pc=0x0000000002916a94
Event: 3.980 Thread 0x000000001675d800 DEOPT PACKING pc=0x0000000002916a94 sp=0x0000000016bbe930
Event: 3.980 Thread 0x000000001675d800 DEOPT UNPACKING pc=0x00000000024e582a sp=0x0000000016bbe8c0 mode 2


Dynamic libraries:
0x00007ff6878d0000 - 0x00007ff687907000 	C:\Program Files\Java\jdk1.8.0_91\bin\java.exe
0x00007ff9ba910000 - 0x00007ff9baad1000 	C:\WINDOWS\SYSTEM32\ntdll.dll
0x00007ff9b82e0000 - 0x00007ff9b838d000 	C:\WINDOWS\system32\KERNEL32.DLL
0x00007ff9b7b20000 - 0x00007ff9b7d08000 	C:\WINDOWS\system32\KERNELBASE.dll
0x00007ff9ba200000 - 0x00007ff9ba2a7000 	C:\WINDOWS\system32\ADVAPI32.dll
0x00007ff9b7d10000 - 0x00007ff9b7dad000 	C:\WINDOWS\system32\msvcrt.dll
0x00007ff9b7ec0000 - 0x00007ff9b7f1b000 	C:\WINDOWS\system32\sechost.dll
0x00007ff9b7f20000 - 0x00007ff9b803c000 	C:\WINDOWS\system32\RPCRT4.dll
0x00007ff9b8180000 - 0x00007ff9b82d6000 	C:\WINDOWS\system32\USER32.dll
0x00007ff9b8700000 - 0x00007ff9b8886000 	C:\WINDOWS\system32\GDI32.dll
0x00007ff9a7890000 - 0x00007ff9a7b04000 	C:\WINDOWS\WinSxS\amd64_microsoft.windows.common-controls_6595b64144ccf1df_6.0.10586.494_none_a2d8b04ea53e3145\COMCTL32.dll
0x00007ff9b9ec0000 - 0x00007ff9ba13d000 	C:\WINDOWS\system32\combase.dll
0x00007ff9b7070000 - 0x00007ff9b70da000 	C:\WINDOWS\system32\bcryptPrimitives.dll
0x00007ff9b8130000 - 0x00007ff9b816b000 	C:\WINDOWS\system32\IMM32.DLL
0x0000000057380000 - 0x0000000057452000 	C:\Program Files\Java\jdk1.8.0_91\jre\bin\msvcr100.dll
0x00000000578e0000 - 0x0000000058173000 	C:\Program Files\Java\jdk1.8.0_91\jre\bin\server\jvm.dll
0x00007ff9ba2b0000 - 0x00007ff9ba2b8000 	C:\WINDOWS\system32\PSAPI.DLL
0x00007ff9b0420000 - 0x00007ff9b042a000 	C:\WINDOWS\SYSTEM32\VERSION.dll
0x00007ff9af290000 - 0x00007ff9af299000 	C:\WINDOWS\SYSTEM32\WSOCK32.dll
0x00007ff9b5660000 - 0x00007ff9b5683000 	C:\WINDOWS\SYSTEM32\WINMM.dll
0x00007ff9ba8a0000 - 0x00007ff9ba90b000 	C:\WINDOWS\system32\WS2_32.dll
0x0000000000a40000 - 0x0000000000a6c000 	C:\WINDOWS\SYSTEM32\WINMMBASE.dll
0x00007ff9b79c0000 - 0x00007ff9b7a03000 	C:\WINDOWS\system32\cfgmgr32.dll
0x00000000577f0000 - 0x00000000577ff000 	C:\Program Files\Java\jdk1.8.0_91\jre\bin\verify.dll
0x00000000577c0000 - 0x00000000577e9000 	C:\Program Files\Java\jdk1.8.0_91\jre\bin\java.dll
0x00000000577a0000 - 0x00000000577b6000 	C:\Program Files\Java\jdk1.8.0_91\jre\bin\zip.dll
0x00007ff9b8890000 - 0x00007ff9b9dec000 	C:\WINDOWS\system32\SHELL32.dll
0x00007ff9b72b0000 - 0x00007ff9b78f5000 	C:\WINDOWS\system32\windows.storage.dll
0x00007ff9b8390000 - 0x00007ff9b83e2000 	C:\WINDOWS\system32\shlwapi.dll
0x00007ff9b6f40000 - 0x00007ff9b6f4f000 	C:\WINDOWS\system32\kernel.appcore.dll
0x00007ff9b7900000 - 0x00007ff9b79b5000 	C:\WINDOWS\system32\shcore.dll
0x00007ff9b6f50000 - 0x00007ff9b6f9b000 	C:\WINDOWS\system32\powrprof.dll
0x00007ff9b6fa0000 - 0x00007ff9b6fb4000 	C:\WINDOWS\system32\profapi.dll

VM Arguments:
jvm_args: -Djava.awt.headless=true -Xmx1024M -Dfile.encoding=windows-1252 -Duser.country=US -Duser.language=en -Duser.variant 
java_command: com.android.dx.command.Main --dex --force-jumbo --num-threads=4 --multi-dex --output E:\Freelance\TidyKart\app\build\intermediates\transforms\dex\debug\folders\1000\10\com.google.android.gms-play-services-games-7.0.0_fe60cb8f18f678776b89fb528ad98eb5b6a6a70e E:\Freelance\TidyKart\app\build\intermediates\exploded-aar\com.google.android.gms\play-services-games\7.0.0\jars\classes.jar
java_class_path (initial): D:\ADT-Bunde\sdk\build-tools\24.0.2\lib\dx.jar
Launcher Type: SUN_STANDARD

Environment Variables:
JAVA_HOME=C:\Program Files\Java\jdk1.8.0_91
PATH=C:\ProgramData\Oracle\Java\javapath;C:\WINDOWS\system32;C:\WINDOWS;C:\WINDOWS\System32\Wbem;C:\WINDOWS\System32\WindowsPowerShell\v1.0\;C:\Program Files\nodejs\;C:\Program Files (x86)\Heroku\bin;C:\Program Files (x86)\git\cmd;C:\Program Files\CloudFoundry;C:\Program Files\Git\cmd;C:\Program Files (x86)\Skype\Phone\;C:\Users\mthu1\AppData\Roaming\npm\;C:\Program Files\Java\jdk1.8.0_91\bin;F:\ADT-Bunde\sdk\tools;F:\ADT-Bunde\sdk\platform-tools;D:\xampp\php;C:\Program Files\TortoiseHg\
USERNAME=mthu1
OS=Windows_NT
PROCESSOR_IDENTIFIER=Intel64 Family 6 Model 37 Stepping 5, GenuineIntel



---------------  S Y S T E M  ---------------

OS: Windows 10.0 , 64 bit Build 10586 (10.0.10586.0)

CPU:total 4 (2 cores per cpu, 2 threads per core) family 6 model 37 stepping 5, cmov, cx8, fxsr, mmx, sse, sse2, sse3, ssse3, sse4.1, sse4.2, popcnt, ht, tsc, tscinvbit

Memory: 4k page, physical 3987308k(194580k free), swap 8181612k(5672k free)

vm_info: Java HotSpot(TM) 64-Bit Server VM (25.91-b14) for windows-amd64 JRE (1.8.0_91-b14), built on Apr  1 2016 00:58:32 by "java_re" with MS VC++ 10.0 (VS2010)

time: Sat Sep 10 21:34:41 2016
elapsed time: 4 seconds (0d 0h 0m 4s)

